#-----------------------------------------------------------
# PlanAhead v14.7 (64-bit)
# Build 321239 by xbuild on Fri Sep 27 19:29:51 MDT 2013
# Start of session at: Mon Apr 11 23:06:30 2016
# Process ID: 9720
# Log file: C:/Users/Bunny/Desktop/verilog Workspace/elock/planAhead_run_2/planAhead.log
# Journal file: C:/Users/Bunny/Desktop/verilog Workspace/elock/planAhead_run_2/planAhead.jou
#-----------------------------------------------------------
INFO: [Common 17-78] Attempting to get a license: PlanAhead
INFO: [Common 17-290] Got license for PlanAhead
INFO: [Device 21-36] Loading parts and site information from C:/Xilinx/14.7/ISE_DS/PlanAhead/data/parts/arch.xml
Parsing RTL primitives file [C:/Xilinx/14.7/ISE_DS/PlanAhead/data/parts/xilinx/rtl/prims/rtl_prims.xml]
Finished parsing RTL primitives file [C:/Xilinx/14.7/ISE_DS/PlanAhead/data/parts/xilinx/rtl/prims/rtl_prims.xml]
start_gui
source {C:/Users/Bunny/Desktop/verilog Workspace/elock/pa.fromHdl.tcl}
# create_project -name elock -dir "C:/Users/Bunny/Desktop/verilog Workspace/elock/planAhead_run_2" -part xc3s700anfgg484-4
ERROR: [Common 17-53] User Exception: Project already exists on disk, please use '-force' option to overwrite: 
     C:/Users/Bunny/Desktop/verilog Workspace/elock/planAhead_run_2/elock.ppr
     C:/Users/Bunny/Desktop/verilog Workspace/elock/planAhead_run_2/elock.data

    while executing
"create_project -name elock -dir "C:/Users/Bunny/Desktop/verilog Workspace/elock/planAhead_run_2" -part xc3s700anfgg484-4"
    (file "C:/Users/Bunny/Desktop/verilog Workspace/elock/pa.fromHdl.tcl" line 4)
exit
INFO: [Common 17-206] Exiting PlanAhead at Mon Apr 11 23:07:01 2016...
INFO: [Common 17-83] Releasing license: PlanAhead
